<?xml version="1.0" encoding="UTF-8"?>
<robot generator="Robot 6.0.2 (Python 3.7.6 on darwin)" generated="20230410 12:44:04.937" rpa="false" schemaversion="3">
<suite id="s1" name="Wikipedia" source="/Users/bezzo/Documents/project/wikipedia/wikipedia.robot">
<test id="s1-t1" name="Open Browser" line="36">
<kw name="Open Browser" library="SeleniumLibrary">
<arg>${LOGIN URL}</arg>
<arg>${BROWSER}</arg>
<doc>Opens a new browser instance to the optional ``url``.</doc>
<msg timestamp="20230410 12:44:05.320" level="INFO">Opening browser 'Chrome' to base url 'https://www.wikipedia.org/'.</msg>
<status status="PASS" starttime="20230410 12:44:05.319" endtime="20230410 12:44:09.821"/>
</kw>
<kw name="Maximize Browser Window" library="SeleniumLibrary">
<doc>Maximizes current browser window.</doc>
<status status="PASS" starttime="20230410 12:44:09.822" endtime="20230410 12:44:10.292"/>
</kw>
<status status="PASS" starttime="20230410 12:44:05.318" endtime="20230410 12:44:10.292"/>
</test>
<test id="s1-t2" name="Check Wikipedia" line="40">
<kw name="Page Should Contain" library="SeleniumLibrary">
<arg>Wikipedia</arg>
<doc>Verifies that current page contains ``text``.</doc>
<msg timestamp="20230410 12:44:10.338" level="INFO">Current page contains text 'Wikipedia'.</msg>
<status status="PASS" starttime="20230410 12:44:10.295" endtime="20230410 12:44:10.339"/>
</kw>
<kw name="Page Should Contain" library="SeleniumLibrary">
<arg>The Free Encyclopedia</arg>
<doc>Verifies that current page contains ``text``.</doc>
<msg timestamp="20230410 12:44:10.361" level="INFO">Current page contains text 'The Free Encyclopedia'.</msg>
<status status="PASS" starttime="20230410 12:44:10.340" endtime="20230410 12:44:10.361"/>
</kw>
<status status="PASS" starttime="20230410 12:44:10.294" endtime="20230410 12:44:10.361"/>
</test>
<test id="s1-t3" name="Check Language - English" line="44">
<kw name="Element Text Should Be" library="SeleniumLibrary">
<arg>xpath://*[@id="js-link-box-en"]/strong</arg>
<arg>${ENGLISH}</arg>
<doc>Verifies that element ``locator`` contains exact the text ``expected``.</doc>
<msg timestamp="20230410 12:44:10.365" level="INFO">Verifying element 'xpath://*[@id="js-link-box-en"]/strong' contains exact text 'English'.</msg>
<status status="PASS" starttime="20230410 12:44:10.363" endtime="20230410 12:44:10.402"/>
</kw>
<status status="PASS" starttime="20230410 12:44:10.362" endtime="20230410 12:44:10.402"/>
</test>
<test id="s1-t4" name="Check Language - Spanyol" line="47">
<kw name="Element Text Should Be" library="SeleniumLibrary">
<arg>xpath://*[@id="js-link-box-es"]/strong</arg>
<arg>${ESPANOL}</arg>
<doc>Verifies that element ``locator`` contains exact the text ``expected``.</doc>
<msg timestamp="20230410 12:44:10.406" level="INFO">Verifying element 'xpath://*[@id="js-link-box-es"]/strong' contains exact text 'Español'.</msg>
<status status="PASS" starttime="20230410 12:44:10.404" endtime="20230410 12:44:10.443"/>
</kw>
<status status="PASS" starttime="20230410 12:44:10.403" endtime="20230410 12:44:10.443"/>
</test>
<test id="s1-t5" name="Check Language - Deutsch" line="50">
<kw name="Element Text Should Be" library="SeleniumLibrary">
<arg>xpath://*[@id="js-link-box-de"]/strong</arg>
<arg>${DEUTSCH}</arg>
<doc>Verifies that element ``locator`` contains exact the text ``expected``.</doc>
<msg timestamp="20230410 12:44:10.447" level="INFO">Verifying element 'xpath://*[@id="js-link-box-de"]/strong' contains exact text 'Deutsch'.</msg>
<status status="PASS" starttime="20230410 12:44:10.445" endtime="20230410 12:44:10.479"/>
</kw>
<status status="PASS" starttime="20230410 12:44:10.444" endtime="20230410 12:44:10.479"/>
</test>
<test id="s1-t6" name="Check Language - Italia" line="53">
<kw name="Element Text Should Be" library="SeleniumLibrary">
<arg>xpath://*[@id="js-link-box-it"]/strong</arg>
<arg>${ITALIANO}</arg>
<doc>Verifies that element ``locator`` contains exact the text ``expected``.</doc>
<msg timestamp="20230410 12:44:10.483" level="INFO">Verifying element 'xpath://*[@id="js-link-box-it"]/strong' contains exact text 'Italiano'.</msg>
<status status="PASS" starttime="20230410 12:44:10.481" endtime="20230410 12:44:10.514"/>
</kw>
<status status="PASS" starttime="20230410 12:44:10.480" endtime="20230410 12:44:10.515"/>
</test>
<test id="s1-t7" name="Check Language - Arab" line="56">
<kw name="Element Text Should Be" library="SeleniumLibrary">
<arg>xpath://*[@id="js-link-box-fa"]/strong/bdi</arg>
<arg>${FARSI}</arg>
<doc>Verifies that element ``locator`` contains exact the text ``expected``.</doc>
<msg timestamp="20230410 12:44:10.519" level="INFO">Verifying element 'xpath://*[@id="js-link-box-fa"]/strong/bdi' contains exact text 'فارسی'.</msg>
<status status="PASS" starttime="20230410 12:44:10.517" endtime="20230410 12:44:10.548"/>
</kw>
<status status="PASS" starttime="20230410 12:44:10.516" endtime="20230410 12:44:10.548"/>
</test>
<test id="s1-t8" name="Check Language - Russia" line="59">
<kw name="Element Text Should Be" library="SeleniumLibrary">
<arg>xpath://*[@id="js-link-box-ru"]/strong</arg>
<arg>${RUSSIA}</arg>
<doc>Verifies that element ``locator`` contains exact the text ``expected``.</doc>
<msg timestamp="20230410 12:44:10.552" level="INFO">Verifying element 'xpath://*[@id="js-link-box-ru"]/strong' contains exact text 'Русский'.</msg>
<status status="PASS" starttime="20230410 12:44:10.550" endtime="20230410 12:44:10.586"/>
</kw>
<status status="PASS" starttime="20230410 12:44:10.549" endtime="20230410 12:44:10.586"/>
</test>
<test id="s1-t9" name="Check Language - Nihongo" line="62">
<kw name="Element Text Should Be" library="SeleniumLibrary">
<arg>xpath://*[@id="js-link-box-ja"]/strong</arg>
<arg>${NIHONGO}</arg>
<doc>Verifies that element ``locator`` contains exact the text ``expected``.</doc>
<msg timestamp="20230410 12:44:10.590" level="INFO">Verifying element 'xpath://*[@id="js-link-box-ja"]/strong' contains exact text '日本語'.</msg>
<status status="PASS" starttime="20230410 12:44:10.588" endtime="20230410 12:44:10.620"/>
</kw>
<status status="PASS" starttime="20230410 12:44:10.587" endtime="20230410 12:44:10.620"/>
</test>
<test id="s1-t10" name="Check Language - Francis" line="65">
<kw name="Element Text Should Be" library="SeleniumLibrary">
<arg>xpath://*[@id="js-link-box-fr"]/strong</arg>
<arg>${FRANCE}</arg>
<doc>Verifies that element ``locator`` contains exact the text ``expected``.</doc>
<msg timestamp="20230410 12:44:10.626" level="INFO">Verifying element 'xpath://*[@id="js-link-box-fr"]/strong' contains exact text 'Français'.</msg>
<status status="PASS" starttime="20230410 12:44:10.624" endtime="20230410 12:44:10.656"/>
</kw>
<status status="PASS" starttime="20230410 12:44:10.622" endtime="20230410 12:44:10.656"/>
</test>
<test id="s1-t11" name="Check Language - Zhongwen" line="68">
<kw name="Element Text Should Be" library="SeleniumLibrary">
<arg>xpath://*[@id="js-link-box-zh"]/strong</arg>
<arg>${ZHONGWEN}</arg>
<doc>Verifies that element ``locator`` contains exact the text ``expected``.</doc>
<msg timestamp="20230410 12:44:10.660" level="INFO">Verifying element 'xpath://*[@id="js-link-box-zh"]/strong' contains exact text '中文'.</msg>
<status status="PASS" starttime="20230410 12:44:10.659" endtime="20230410 12:44:10.689"/>
</kw>
<status status="PASS" starttime="20230410 12:44:10.657" endtime="20230410 12:44:10.690"/>
</test>
<test id="s1-t12" name="Check Language - Portugis" line="71">
<kw name="Element Text Should Be" library="SeleniumLibrary">
<arg>xpath://*[@id="js-link-box-pt"]/strong</arg>
<arg>${PORTUGIS}</arg>
<doc>Verifies that element ``locator`` contains exact the text ``expected``.</doc>
<msg timestamp="20230410 12:44:10.695" level="INFO">Verifying element 'xpath://*[@id="js-link-box-pt"]/strong' contains exact text 'Português'.</msg>
<status status="PASS" starttime="20230410 12:44:10.693" endtime="20230410 12:44:10.726"/>
</kw>
<status status="PASS" starttime="20230410 12:44:10.692" endtime="20230410 12:44:10.727"/>
</test>
<test id="s1-t13" name="Check Link - English" line="74">
<kw name="Click Element" library="SeleniumLibrary">
<arg>xpath://*[@id="js-link-box-en"]</arg>
<doc>Click the element identified by ``locator``.</doc>
<msg timestamp="20230410 12:44:10.729" level="INFO">Clicking element 'xpath://*[@id="js-link-box-en"]'.</msg>
<status status="PASS" starttime="20230410 12:44:10.728" endtime="20230410 12:44:11.603"/>
</kw>
<kw name="Get Location" library="SeleniumLibrary">
<var>${CURRENT_URL}</var>
<doc>Returns the current browser window URL.</doc>
<msg timestamp="20230410 12:44:12.095" level="INFO">${CURRENT_URL} = https://en.wikipedia.org/wiki/Main_Page</msg>
<status status="PASS" starttime="20230410 12:44:11.604" endtime="20230410 12:44:12.095"/>
</kw>
<kw name="Should Match Regexp" library="BuiltIn">
<arg>${CURRENT_URL}</arg>
<arg>${URL_EN}</arg>
<doc>Fails if ``string`` does not match ``pattern`` as a regular expression.</doc>
<status status="PASS" starttime="20230410 12:44:12.096" endtime="20230410 12:44:12.097"/>
</kw>
<kw name="Go Back" library="SeleniumLibrary">
<doc>Simulates the user clicking the back button on their browser.</doc>
<status status="PASS" starttime="20230410 12:44:12.098" endtime="20230410 12:44:12.272"/>
</kw>
<status status="PASS" starttime="20230410 12:44:10.727" endtime="20230410 12:44:12.273"/>
</test>
<test id="s1-t14" name="Check Link - Spanyol" line="80">
<kw name="Click Element" library="SeleniumLibrary">
<arg>xpath://*[@id="js-link-box-es"]</arg>
<doc>Click the element identified by ``locator``.</doc>
<msg timestamp="20230410 12:44:12.278" level="INFO">Clicking element 'xpath://*[@id="js-link-box-es"]'.</msg>
<status status="PASS" starttime="20230410 12:44:12.276" endtime="20230410 12:44:13.787"/>
</kw>
<kw name="Get Location" library="SeleniumLibrary">
<var>${CURRENT_URL}</var>
<doc>Returns the current browser window URL.</doc>
<msg timestamp="20230410 12:44:13.802" level="INFO">${CURRENT_URL} = https://es.wikipedia.org/wiki/Wikipedia:Portada</msg>
<status status="PASS" starttime="20230410 12:44:13.787" endtime="20230410 12:44:13.802"/>
</kw>
<kw name="Should Match Regexp" library="BuiltIn">
<arg>${CURRENT_URL}</arg>
<arg>${URL_ES}</arg>
<doc>Fails if ``string`` does not match ``pattern`` as a regular expression.</doc>
<status status="PASS" starttime="20230410 12:44:13.804" endtime="20230410 12:44:13.806"/>
</kw>
<kw name="Go Back" library="SeleniumLibrary">
<doc>Simulates the user clicking the back button on their browser.</doc>
<status status="PASS" starttime="20230410 12:44:13.807" endtime="20230410 12:44:13.941"/>
</kw>
<status status="PASS" starttime="20230410 12:44:12.274" endtime="20230410 12:44:13.941"/>
</test>
<test id="s1-t15" name="Check Link - Deutsch" line="86">
<kw name="Click Element" library="SeleniumLibrary">
<arg>xpath://*[@id="js-link-box-de"]</arg>
<doc>Click the element identified by ``locator``.</doc>
<msg timestamp="20230410 12:44:13.947" level="INFO">Clicking element 'xpath://*[@id="js-link-box-de"]'.</msg>
<status status="PASS" starttime="20230410 12:44:13.945" endtime="20230410 12:44:14.935"/>
</kw>
<kw name="Get Location" library="SeleniumLibrary">
<var>${CURRENT_URL}</var>
<doc>Returns the current browser window URL.</doc>
<msg timestamp="20230410 12:44:14.989" level="INFO">${CURRENT_URL} = https://de.wikipedia.org/wiki/Wikipedia:Hauptseite</msg>
<status status="PASS" starttime="20230410 12:44:14.936" endtime="20230410 12:44:14.989"/>
</kw>
<kw name="Should Match Regexp" library="BuiltIn">
<arg>${CURRENT_URL}</arg>
<arg>${URL_DE}</arg>
<doc>Fails if ``string`` does not match ``pattern`` as a regular expression.</doc>
<status status="PASS" starttime="20230410 12:44:14.990" endtime="20230410 12:44:14.992"/>
</kw>
<kw name="Go Back" library="SeleniumLibrary">
<doc>Simulates the user clicking the back button on their browser.</doc>
<status status="PASS" starttime="20230410 12:44:14.993" endtime="20230410 12:44:15.117"/>
</kw>
<status status="PASS" starttime="20230410 12:44:13.943" endtime="20230410 12:44:15.118"/>
</test>
<test id="s1-t16" name="Check Link - Italia" line="92">
<kw name="Click Element" library="SeleniumLibrary">
<arg>xpath://*[@id="js-link-box-it"]</arg>
<doc>Click the element identified by ``locator``.</doc>
<msg timestamp="20230410 12:44:15.123" level="INFO">Clicking element 'xpath://*[@id="js-link-box-it"]'.</msg>
<status status="PASS" starttime="20230410 12:44:15.121" endtime="20230410 12:44:16.375"/>
</kw>
<kw name="Get Location" library="SeleniumLibrary">
<var>${CURRENT_URL}</var>
<doc>Returns the current browser window URL.</doc>
<msg timestamp="20230410 12:44:16.419" level="INFO">${CURRENT_URL} = https://it.wikipedia.org/wiki/Pagina_principale</msg>
<status status="PASS" starttime="20230410 12:44:16.376" endtime="20230410 12:44:16.420"/>
</kw>
<kw name="Should Match Regexp" library="BuiltIn">
<arg>${CURRENT_URL}</arg>
<arg>${URL_IT}</arg>
<doc>Fails if ``string`` does not match ``pattern`` as a regular expression.</doc>
<status status="PASS" starttime="20230410 12:44:16.420" endtime="20230410 12:44:16.422"/>
</kw>
<kw name="Go Back" library="SeleniumLibrary">
<doc>Simulates the user clicking the back button on their browser.</doc>
<status status="PASS" starttime="20230410 12:44:16.422" endtime="20230410 12:44:16.551"/>
</kw>
<status status="PASS" starttime="20230410 12:44:15.120" endtime="20230410 12:44:16.552"/>
</test>
<test id="s1-t17" name="Check Link - Arab" line="98">
<kw name="Click Element" library="SeleniumLibrary">
<arg>xpath://*[@id="js-link-box-fa"]</arg>
<doc>Click the element identified by ``locator``.</doc>
<msg timestamp="20230410 12:44:16.556" level="INFO">Clicking element 'xpath://*[@id="js-link-box-fa"]'.</msg>
<status status="PASS" starttime="20230410 12:44:16.555" endtime="20230410 12:44:18.038"/>
</kw>
<kw name="Get Location" library="SeleniumLibrary">
<var>${CURRENT_URL}</var>
<doc>Returns the current browser window URL.</doc>
<msg timestamp="20230410 12:44:18.046" level="INFO">${CURRENT_URL} = https://fa.wikipedia.org/wiki/%D8%B5%D9%81%D8%AD%D9%87%D9%94_%D8%A7%D8%B5%D9%84%DB%8C</msg>
<status status="PASS" starttime="20230410 12:44:18.038" endtime="20230410 12:44:18.046"/>
</kw>
<kw name="Should Match Regexp" library="BuiltIn">
<arg>${CURRENT_URL}</arg>
<arg>${URL_FA}</arg>
<doc>Fails if ``string`` does not match ``pattern`` as a regular expression.</doc>
<status status="PASS" starttime="20230410 12:44:18.047" endtime="20230410 12:44:18.049"/>
</kw>
<kw name="Go Back" library="SeleniumLibrary">
<doc>Simulates the user clicking the back button on their browser.</doc>
<status status="PASS" starttime="20230410 12:44:18.050" endtime="20230410 12:44:18.171"/>
</kw>
<status status="PASS" starttime="20230410 12:44:16.553" endtime="20230410 12:44:18.171"/>
</test>
<test id="s1-t18" name="Check Link - Russia" line="104">
<kw name="Click Element" library="SeleniumLibrary">
<arg>xpath://*[@id="js-link-box-ru"]</arg>
<doc>Click the element identified by ``locator``.</doc>
<msg timestamp="20230410 12:44:18.176" level="INFO">Clicking element 'xpath://*[@id="js-link-box-ru"]'.</msg>
<status status="PASS" starttime="20230410 12:44:18.175" endtime="20230410 12:44:19.292"/>
</kw>
<kw name="Get Location" library="SeleniumLibrary">
<var>${CURRENT_URL}</var>
<doc>Returns the current browser window URL.</doc>
<msg timestamp="20230410 12:44:19.895" level="INFO">${CURRENT_URL} = https://ru.wikipedia.org/wiki/%D0%97%D0%B0%D0%B3%D0%BB%D0%B0%D0%B2%D0%BD%D0%B0%D1%8F_%D1%81%D1%82%D1%80%D0%B0%D0%BD%D0%B8%D1%86%D0%B0</msg>
<status status="PASS" starttime="20230410 12:44:19.293" endtime="20230410 12:44:19.895"/>
</kw>
<kw name="Should Match Regexp" library="BuiltIn">
<arg>${CURRENT_URL}</arg>
<arg>${URL_RU}</arg>
<doc>Fails if ``string`` does not match ``pattern`` as a regular expression.</doc>
<status status="PASS" starttime="20230410 12:44:19.896" endtime="20230410 12:44:19.897"/>
</kw>
<kw name="Go Back" library="SeleniumLibrary">
<doc>Simulates the user clicking the back button on their browser.</doc>
<status status="PASS" starttime="20230410 12:44:19.898" endtime="20230410 12:44:20.072"/>
</kw>
<status status="PASS" starttime="20230410 12:44:18.173" endtime="20230410 12:44:20.072"/>
</test>
<test id="s1-t19" name="Check Link - Nihongo" line="110">
<kw name="Click Element" library="SeleniumLibrary">
<arg>xpath://*[@id="js-link-box-ja"]</arg>
<doc>Click the element identified by ``locator``.</doc>
<msg timestamp="20230410 12:44:20.077" level="INFO">Clicking element 'xpath://*[@id="js-link-box-ja"]'.</msg>
<status status="PASS" starttime="20230410 12:44:20.075" endtime="20230410 12:44:21.162"/>
</kw>
<kw name="Get Location" library="SeleniumLibrary">
<var>${CURRENT_URL}</var>
<doc>Returns the current browser window URL.</doc>
<msg timestamp="20230410 12:44:21.167" level="INFO">${CURRENT_URL} = https://ja.wikipedia.org/wiki/%E3%83%A1%E3%82%A4%E3%83%B3%E3%83%9A%E3%83%BC%E3%82%B8</msg>
<status status="PASS" starttime="20230410 12:44:21.162" endtime="20230410 12:44:21.167"/>
</kw>
<kw name="Should Match Regexp" library="BuiltIn">
<arg>${CURRENT_URL}</arg>
<arg>${URL_JA}</arg>
<doc>Fails if ``string`` does not match ``pattern`` as a regular expression.</doc>
<status status="PASS" starttime="20230410 12:44:21.168" endtime="20230410 12:44:21.169"/>
</kw>
<kw name="Go Back" library="SeleniumLibrary">
<doc>Simulates the user clicking the back button on their browser.</doc>
<status status="PASS" starttime="20230410 12:44:21.170" endtime="20230410 12:44:21.287"/>
</kw>
<status status="PASS" starttime="20230410 12:44:20.073" endtime="20230410 12:44:21.288"/>
</test>
<test id="s1-t20" name="Check Link - Francis" line="116">
<kw name="Click Element" library="SeleniumLibrary">
<arg>xpath://*[@id="js-link-box-fr"]</arg>
<doc>Click the element identified by ``locator``.</doc>
<msg timestamp="20230410 12:44:21.293" level="INFO">Clicking element 'xpath://*[@id="js-link-box-fr"]'.</msg>
<status status="PASS" starttime="20230410 12:44:21.291" endtime="20230410 12:44:22.203"/>
</kw>
<kw name="Get Location" library="SeleniumLibrary">
<var>${CURRENT_URL}</var>
<doc>Returns the current browser window URL.</doc>
<msg timestamp="20230410 12:44:22.233" level="INFO">${CURRENT_URL} = https://fr.wikipedia.org/wiki/Wikip%C3%A9dia:Accueil_principal</msg>
<status status="PASS" starttime="20230410 12:44:22.204" endtime="20230410 12:44:22.233"/>
</kw>
<kw name="Should Match Regexp" library="BuiltIn">
<arg>${CURRENT_URL}</arg>
<arg>${URL_FR}</arg>
<doc>Fails if ``string`` does not match ``pattern`` as a regular expression.</doc>
<status status="PASS" starttime="20230410 12:44:22.233" endtime="20230410 12:44:22.235"/>
</kw>
<kw name="Go Back" library="SeleniumLibrary">
<doc>Simulates the user clicking the back button on their browser.</doc>
<status status="PASS" starttime="20230410 12:44:22.235" endtime="20230410 12:44:22.413"/>
</kw>
<status status="PASS" starttime="20230410 12:44:21.289" endtime="20230410 12:44:22.414"/>
</test>
<test id="s1-t21" name="Check Link - Zhongwen" line="122">
<kw name="Click Element" library="SeleniumLibrary">
<arg>xpath://*[@id="js-link-box-zh"]</arg>
<doc>Click the element identified by ``locator``.</doc>
<msg timestamp="20230410 12:44:22.419" level="INFO">Clicking element 'xpath://*[@id="js-link-box-zh"]'.</msg>
<status status="PASS" starttime="20230410 12:44:22.417" endtime="20230410 12:44:24.772"/>
</kw>
<kw name="Get Location" library="SeleniumLibrary">
<var>${CURRENT_URL}</var>
<doc>Returns the current browser window URL.</doc>
<msg timestamp="20230410 12:44:25.261" level="INFO">${CURRENT_URL} = https://zh.wikipedia.org/wiki/Wikipedia:%E9%A6%96%E9%A1%B5</msg>
<status status="PASS" starttime="20230410 12:44:24.773" endtime="20230410 12:44:25.261"/>
</kw>
<kw name="Should Match Regexp" library="BuiltIn">
<arg>${CURRENT_URL}</arg>
<arg>${URL_ZH}</arg>
<doc>Fails if ``string`` does not match ``pattern`` as a regular expression.</doc>
<status status="PASS" starttime="20230410 12:44:25.261" endtime="20230410 12:44:25.262"/>
</kw>
<kw name="Go Back" library="SeleniumLibrary">
<doc>Simulates the user clicking the back button on their browser.</doc>
<status status="PASS" starttime="20230410 12:44:25.262" endtime="20230410 12:44:25.573"/>
</kw>
<status status="PASS" starttime="20230410 12:44:22.415" endtime="20230410 12:44:25.573"/>
</test>
<test id="s1-t22" name="Check Link - Portugis" line="128">
<kw name="Click Element" library="SeleniumLibrary">
<arg>xpath://*[@id="js-link-box-pt"]</arg>
<doc>Click the element identified by ``locator``.</doc>
<msg timestamp="20230410 12:44:25.579" level="INFO">Clicking element 'xpath://*[@id="js-link-box-pt"]'.</msg>
<status status="PASS" starttime="20230410 12:44:25.577" endtime="20230410 12:44:26.989"/>
</kw>
<kw name="Get Location" library="SeleniumLibrary">
<var>${CURRENT_URL}</var>
<doc>Returns the current browser window URL.</doc>
<msg timestamp="20230410 12:44:26.997" level="INFO">${CURRENT_URL} = https://pt.wikipedia.org/wiki/Wikip%C3%A9dia:P%C3%A1gina_principal</msg>
<status status="PASS" starttime="20230410 12:44:26.989" endtime="20230410 12:44:26.997"/>
</kw>
<kw name="Should Match Regexp" library="BuiltIn">
<arg>${CURRENT_URL}</arg>
<arg>${URL_PT}</arg>
<doc>Fails if ``string`` does not match ``pattern`` as a regular expression.</doc>
<status status="PASS" starttime="20230410 12:44:26.998" endtime="20230410 12:44:26.999"/>
</kw>
<kw name="Go Back" library="SeleniumLibrary">
<doc>Simulates the user clicking the back button on their browser.</doc>
<status status="PASS" starttime="20230410 12:44:26.999" endtime="20230410 12:44:27.032"/>
</kw>
<status status="PASS" starttime="20230410 12:44:25.575" endtime="20230410 12:44:27.033"/>
</test>
<test id="s1-t23" name="Close Browser" line="134">
<kw name="Close Browser" library="SeleniumLibrary">
<doc>Closes the current browser.</doc>
<status status="PASS" starttime="20230410 12:44:27.035" endtime="20230410 12:44:27.275"/>
</kw>
<status status="PASS" starttime="20230410 12:44:27.034" endtime="20230410 12:44:27.275"/>
</test>
<doc>Template robot main suite.</doc>
<status status="PASS" starttime="20230410 12:44:04.939" endtime="20230410 12:44:27.277"/>
</suite>
<statistics>
<total>
<stat pass="23" fail="0" skip="0">All Tests</stat>
</total>
<tag>
</tag>
<suite>
<stat pass="23" fail="0" skip="0" id="s1" name="Wikipedia">Wikipedia</stat>
</suite>
</statistics>
<errors>
</errors>
</robot>
